<?xml version="1.0" encoding="UTF-8"?>
<!-- Generated by org.testng.reporters.JUnitReportReporter -->
<testsuite hostname="EGCA1-0091" failures="0" tests="2" name="main.Start" time="14.786" errors="0" timestamp="2022-01-22T13:37:41 EET" skipped="0">
  <testcase classname="main.Start" name="startApplication" time="14.785"/>
  <system-out/>
  <testcase classname="main.Start" name="login" time="0.001"/>
  <system-out/>
</testsuite> <!-- main.Start -->
